A számológép előzményei:

5.0 * 6.0 = 30.0
4.0 / 3.0 = 1.3333334
3.0 k 4.0 = 0.0
3.0 + 4.0 = 7.0
3.0 + 4.0 = 7.0
34.0 + 5.0 = 39.0
4.0 - 5.0 = -1.0
2.0 p 3.0 = 216.0
0.0 / 0.0 = NaN
4.0 / 5.0 = 0.8
4.0 - 6.0 = -2.0
4.0 - 7.0 = -3.0
65.0 * 32.0 = 2080.0
5.6 - 8.934556 = -3.334556
9.0 / 45.9 = 0.19607842
6.0 * 9.0 = 54.0
4.0 - 8.0 = -4.0
9.0 p 9.0 = 531441.0
8.0 * 9.0 = 72.0
5.0 / 3.0 = 1.6666666
6.0 * 5.0 = 30.0
6.0 * 6.0 = 36.0
7.0 / 6.0 = 1.1666666
5.0 + 7.0 = 12.0
4.0 * 3.0 = 12.0
3.0 * 5.0 = 15.0
4.0 - 7.0 = -3.0
4.0 * 2.4 = 9.6
